<?xml version="1.0" encoding="UTF-8"?>
<!-- Generated by org.testng.reporters.JUnitReportReporter -->
<testsuite hostname="DESKTOP-62V0686" failures="0" tests="3" name="com.testing.Invocation_Count" time="20.778" errors="0" timestamp="2026-04-24T09:04:05 IST" skipped="0">
  <testcase classname="com.testing.Invocation_Count" name="testMethod" time="5.535"/>
  <testcase classname="com.testing.Invocation_Count" name="testMethod" time="8.650"/>
  <testcase classname="com.testing.Invocation_Count" name="testMethod" time="6.593"/>
</testsuite> <!-- com.testing.Invocation_Count -->
