<?xml version="1.0" encoding="UTF-8"?>
<!-- Generated by org.testng.reporters.JUnitXMLReporter -->
<testsuite ignored="0" hostname="DESKTOP-62V0686" failures="0" tests="3" name="Default test" time="20.853" errors="0" timestamp="2026-04-24T09:04:04 IST">
  <testcase classname="com.testing.Invocation_Count" name="testMethod" time="8.65"/>
  <testcase classname="com.testing.Invocation_Count" name="testMethod" time="6.593"/>
  <testcase classname="com.testing.Invocation_Count" name="testMethod" time="5.535"/>
</testsuite> <!-- Default test -->
